2026-05-16T10:09:48.710304Z 0 [System] [MY-015015] [Server] MySQL Server - start.
2026-05-16T10:09:48.962265Z 0 [Warning] [MY-010097] [Server] Insecure configuration for --secure-file-priv: Current value does not restrict location of generated files. Consider setting it to a valid, non-empty path.
2026-05-16T10:09:48.962328Z 0 [System] [MY-010116] [Server] C:\laragon\bin\mysql\mysql-8.4.3-winx64\bin\mysqld (mysqld 8.4.3) starting as process 32932
2026-05-16T10:09:48.983197Z 1 [System] [MY-013576] [InnoDB] InnoDB initialization has started.
2026-05-16T10:09:49.453956Z 1 [System] [MY-013577] [InnoDB] InnoDB initialization has ended.
2026-05-16T10:09:49.885657Z 0 [Warning] [MY-013829] [Server] Missing data directory for ICU regular expressions: C:\laragon\bin\mysql\mysql-8.4.3-winx64\lib\private\.
2026-05-16T10:09:49.892870Z 0 [Warning] [MY-010068] [Server] CA certificate ca.pem is self signed.
2026-05-16T10:09:49.893154Z 0 [System] [MY-013602] [Server] Channel mysql_main configured to support TLS. Encrypted connections are now supported for this channel.
2026-05-16T10:09:49.975630Z 0 [System] [MY-011323] [Server] X Plugin ready for connections. Bind-address: '::' port: 33060
2026-05-16T10:09:49.975702Z 0 [System] [MY-010931] [Server] C:\laragon\bin\mysql\mysql-8.4.3-winx64\bin\mysqld: ready for connections. Version: '8.4.3'  socket: ''  port: 3306  MySQL Community Server - GPL.
2026-05-16T10:09:58.419710Z 8 [System] [MY-013172] [Server] Received SHUTDOWN from user root. Shutting down mysqld (Version: 8.4.3).
2026-05-16T10:09:58.420311Z 0 [System] [MY-013105] [Server] C:\laragon\bin\mysql\mysql-8.4.3-winx64\bin\mysqld: Normal shutdown.
2026-05-16T10:09:59.059988Z 0 [System] [MY-010910] [Server] C:\laragon\bin\mysql\mysql-8.4.3-winx64\bin\mysqld: Shutdown complete (mysqld 8.4.3)  MySQL Community Server - GPL.
2026-05-16T10:09:59.060461Z 0 [System] [MY-015016] [Server] MySQL Server - end.
2026-05-16T10:11:13.016215Z 0 [System] [MY-015015] [Server] MySQL Server - start.
2026-05-16T10:11:13.166029Z 0 [Warning] [MY-010097] [Server] Insecure configuration for --secure-file-priv: Current value does not restrict location of generated files. Consider setting it to a valid, non-empty path.
2026-05-16T10:11:13.166077Z 0 [System] [MY-010116] [Server] C:\laragon\bin\mysql\mysql-8.4.3-winx64\bin\mysqld (mysqld 8.4.3) starting as process 8996
2026-05-16T10:11:13.188076Z 1 [System] [MY-013576] [InnoDB] InnoDB initialization has started.
2026-05-16T10:11:13.385424Z 1 [System] [MY-013577] [InnoDB] InnoDB initialization has ended.
2026-05-16T10:11:13.642436Z 0 [Warning] [MY-013829] [Server] Missing data directory for ICU regular expressions: C:\laragon\bin\mysql\mysql-8.4.3-winx64\lib\private\.
2026-05-16T10:11:13.649767Z 0 [Warning] [MY-010068] [Server] CA certificate ca.pem is self signed.
2026-05-16T10:11:13.650056Z 0 [System] [MY-013602] [Server] Channel mysql_main configured to support TLS. Encrypted connections are now supported for this channel.
2026-05-16T10:11:13.684476Z 0 [System] [MY-011323] [Server] X Plugin ready for connections. Bind-address: '::' port: 33060
2026-05-16T10:11:13.684508Z 0 [System] [MY-010931] [Server] C:\laragon\bin\mysql\mysql-8.4.3-winx64\bin\mysqld: ready for connections. Version: '8.4.3'  socket: ''  port: 3306  MySQL Community Server - GPL.
2026-05-17T09:36:35.722470Z 0 [System] [MY-015015] [Server] MySQL Server - start.
2026-05-17T09:36:35.892213Z 0 [Warning] [MY-010097] [Server] Insecure configuration for --secure-file-priv: Current value does not restrict location of generated files. Consider setting it to a valid, non-empty path.
2026-05-17T09:36:35.892614Z 0 [System] [MY-010116] [Server] C:\laragon\bin\mysql\mysql-8.4.3-winx64\bin\mysqld (mysqld 8.4.3) starting as process 21388
2026-05-17T09:36:35.936233Z 1 [System] [MY-013576] [InnoDB] InnoDB initialization has started.
2026-05-17T09:36:36.799899Z 1 [System] [MY-013577] [InnoDB] InnoDB initialization has ended.
2026-05-17T09:36:37.321910Z 0 [System] [MY-010229] [Server] Starting XA crash recovery...
2026-05-17T09:36:37.325592Z 0 [System] [MY-010232] [Server] XA crash recovery finished.
2026-05-17T09:36:37.373673Z 0 [Warning] [MY-013829] [Server] Missing data directory for ICU regular expressions: C:\laragon\bin\mysql\mysql-8.4.3-winx64\lib\private\.
2026-05-17T09:36:37.421579Z 0 [Warning] [MY-010068] [Server] CA certificate ca.pem is self signed.
2026-05-17T09:36:37.421908Z 0 [System] [MY-013602] [Server] Channel mysql_main configured to support TLS. Encrypted connections are now supported for this channel.
2026-05-17T09:36:37.425850Z 0 [ERROR] [MY-010262] [Server] Can't start server: Bind on TCP/IP port: Only one usage of each socket address (protocol/network address/port) is normally permitted. 
2026-05-17T09:36:37.426365Z 0 [ERROR] [MY-010257] [Server] Do you already have another mysqld server running on port: 3306 ?
2026-05-17T09:36:37.426678Z 0 [ERROR] [MY-010119] [Server] Aborting
2026-05-17T09:36:38.641401Z 0 [System] [MY-010910] [Server] C:\laragon\bin\mysql\mysql-8.4.3-winx64\bin\mysqld: Shutdown complete (mysqld 8.4.3)  MySQL Community Server - GPL.
2026-05-17T09:36:38.641881Z 0 [System] [MY-015016] [Server] MySQL Server - end.
2026-05-17T10:32:37.127325Z 0 [System] [MY-015015] [Server] MySQL Server - start.
2026-05-17T10:32:37.426000Z 0 [Warning] [MY-010097] [Server] Insecure configuration for --secure-file-priv: Current value does not restrict location of generated files. Consider setting it to a valid, non-empty path.
2026-05-17T10:32:37.426637Z 0 [System] [MY-010116] [Server] C:\laragon\bin\mysql\mysql-8.4.3-winx64\bin\mysqld (mysqld 8.4.3) starting as process 47836
